[2018-11-21 03:57:17] Processing: App\Notifications\LeaveApprovalMessage
[2018-11-21 03:57:18] Processed:  App\Notifications\LeaveApprovalMessage
[2018-11-21 03:57:26] Processing: App\Notifications\LeaveApprovalMessage
[2018-11-21 03:57:26] Processed:  App\Notifications\LeaveApprovalMessage
[2018-11-21 03:57:35] Processing: App\Notifications\LeaveApprovalMessage
[2018-11-21 03:57:36] Processed:  App\Notifications\LeaveApprovalMessage
[2018-11-21 03:57:47] Processing: App\Notifications\LeaveApprovalMessage
[2018-11-21 03:57:48] Processed:  App\Notifications\LeaveApprovalMessage
[2018-11-21 03:59:18] Processing: App\Notifications\LeaveSentToSapMessage
[2018-11-21 03:59:18] Processed:  App\Notifications\LeaveSentToSapMessage
[2018-11-21 03:59:24] Processing: App\Notifications\LeaveSentToSapMessage
[2018-11-21 03:59:24] Processed:  App\Notifications\LeaveSentToSapMessage
[2018-11-21 03:59:30] Processing: App\Notifications\LeaveSentToSapMessage
[2018-11-21 03:59:30] Processed:  App\Notifications\LeaveSentToSapMessage
[2018-11-21 03:59:36] Processing: App\Notifications\LeaveSentToSapMessage
[2018-11-21 03:59:36] Processed:  App\Notifications\LeaveSentToSapMessage
[2018-11-21 04:07:24] Processing: App\Notifications\LeaveApprovalMessage
[2018-11-21 04:07:25] Processed:  App\Notifications\LeaveApprovalMessage
[2018-11-21 04:07:33] Processing: App\Notifications\LeaveApprovalMessage
[2018-11-21 04:07:33] Processed:  App\Notifications\LeaveApprovalMessage
[2018-11-21 04:07:42] Processing: App\Notifications\LeaveApprovalMessage
[2018-11-21 04:07:42] Processed:  App\Notifications\LeaveApprovalMessage
[2018-11-21 04:07:57] Processing: App\Notifications\LeaveApprovalMessage
[2018-11-21 04:07:57] Processed:  App\Notifications\LeaveApprovalMessage
[2018-11-21 04:08:21] Processing: App\Notifications\LeaveSentToSapMessage
[2018-11-21 04:08:22] Processed:  App\Notifications\LeaveSentToSapMessage
[2018-11-21 04:08:24] Processing: App\Notifications\LeaveSentToSapMessage
[2018-11-21 04:08:24] Processed:  App\Notifications\LeaveSentToSapMessage
[2018-11-21 04:08:30] Processing: App\Notifications\LeaveSentToSapMessage
[2018-11-21 04:08:30] Processed:  App\Notifications\LeaveSentToSapMessage
[2018-11-21 04:08:36] Processing: App\Notifications\LeaveSentToSapMessage
[2018-11-21 04:08:37] Processed:  App\Notifications\LeaveSentToSapMessage
[2018-11-21 04:19:37] Processing: App\Notifications\LeaveApprovalMessage
[2018-11-21 04:19:37] Processed:  App\Notifications\LeaveApprovalMessage
[2018-11-21 04:19:49] Processing: App\Notifications\LeaveApprovalMessage
[2018-11-21 04:19:49] Processed:  App\Notifications\LeaveApprovalMessage
[2018-11-21 04:20:19] Processing: App\Notifications\LeaveApprovalMessage
[2018-11-21 04:20:19] Processed:  App\Notifications\LeaveApprovalMessage
[2018-11-21 04:22:28] Processing: App\Notifications\LeaveApprovalMessage
[2018-11-21 04:22:28] Processed:  App\Notifications\LeaveApprovalMessage
[2018-11-21 04:23:25] Processing: App\Notifications\LeaveApprovalMessage
[2018-11-21 04:23:25] Processed:  App\Notifications\LeaveApprovalMessage
[2018-11-21 04:24:13] Processing: App\Notifications\LeaveApprovalMessage
[2018-11-21 04:24:13] Processed:  App\Notifications\LeaveApprovalMessage
[2018-11-21 05:02:06] Processing: App\Notifications\LeaveApprovalMessage
[2018-11-21 05:02:07] Processed:  App\Notifications\LeaveApprovalMessage
[2018-11-21 05:04:03] Processing: App\Notifications\LeaveApprovalMessage
[2018-11-21 05:04:04] Processed:  App\Notifications\LeaveApprovalMessage
[2018-11-21 05:12:04] Processing: App\Notifications\LeaveApprovalMessage
[2018-11-21 05:12:04] Processed:  App\Notifications\LeaveApprovalMessage
[2018-11-21 05:12:13] Processing: App\Notifications\LeaveApprovalMessage
[2018-11-21 05:12:13] Processed:  App\Notifications\LeaveApprovalMessage
[2018-11-21 05:12:19] Processing: App\Notifications\LeaveApprovalMessage
[2018-11-21 05:12:19] Processed:  App\Notifications\LeaveApprovalMessage
[2018-11-21 05:18:26] Processing: App\Notifications\LeaveApprovalMessage
[2018-11-21 05:18:26] Processed:  App\Notifications\LeaveApprovalMessage
[2018-11-21 05:24:59] Processing: App\Notifications\LeaveApprovalMessage
[2018-11-21 05:24:59] Processed:  App\Notifications\LeaveApprovalMessage
[2018-11-21 05:25:50] Processing: App\Notifications\LeaveApprovalMessage
[2018-11-21 05:25:50] Processed:  App\Notifications\LeaveApprovalMessage
[2018-11-21 05:26:26] Processing: App\Notifications\LeaveApprovalMessage
[2018-11-21 05:26:26] Processed:  App\Notifications\LeaveApprovalMessage
[2018-11-21 05:46:36] Processing: App\Notifications\LeaveApprovalMessage
[2018-11-21 05:46:36] Processed:  App\Notifications\LeaveApprovalMessage
[2018-11-21 06:24:35] Processing: App\Notifications\LeaveApprovalMessage
[2018-11-21 06:24:35] Processed:  App\Notifications\LeaveApprovalMessage
[2018-11-21 06:25:05] Processing: App\Notifications\LeaveApprovalMessage
[2018-11-21 06:25:05] Processed:  App\Notifications\LeaveApprovalMessage
[2018-11-21 06:25:11] Processing: App\Notifications\LeaveApprovalMessage
[2018-11-21 06:25:11] Processed:  App\Notifications\LeaveApprovalMessage
[2018-11-21 06:27:11] Processing: App\Notifications\LeaveApprovalMessage
[2018-11-21 06:27:11] Processed:  App\Notifications\LeaveApprovalMessage
[2018-11-21 06:27:38] Processing: App\Notifications\LeaveApprovalMessage
[2018-11-21 06:27:38] Processed:  App\Notifications\LeaveApprovalMessage
[2018-11-21 06:30:02] Processing: App\Notifications\LeaveApprovalMessage
[2018-11-21 06:30:02] Processed:  App\Notifications\LeaveApprovalMessage
[2018-11-21 06:30:08] Processing: App\Notifications\LeaveApprovalMessage
[2018-11-21 06:30:09] Processed:  App\Notifications\LeaveApprovalMessage
[2018-11-21 06:30:17] Processing: App\Notifications\LeaveApprovalMessage
[2018-11-21 06:30:17] Processed:  App\Notifications\LeaveApprovalMessage
[2018-11-23 06:27:34] Processing: App\Notifications\LeaveApprovalMessage
[2018-11-23 06:27:34] Processed:  App\Notifications\LeaveApprovalMessage
[2018-11-23 06:27:43] Processing: App\Notifications\PermitApprovalMessage
[2018-11-23 06:27:43] Processed:  App\Notifications\PermitApprovalMessage
